2023-11-11 14:16:14 Loading main app package /usr/lib/obsidian/obsidian.asar
2023-11-11 14:16:14 Checking for update using Github
2023-11-11 14:16:15 Success.
2023-11-11 14:16:15 Latest version is 1.4.16
2023-11-11 14:16:15 App is up to date.
2023-11-11 16:48:34 Loading main app package /usr/lib/obsidian/obsidian.asar
2023-11-11 16:48:34 Checking for update using Github
2023-11-11 16:48:34 Success.
2023-11-11 16:48:34 Latest version is 1.4.16
2023-11-11 16:48:34 App is up to date.
2023-11-12 07:52:42 Loading main app package /usr/lib/obsidian/obsidian.asar
2023-11-12 07:52:42 Checking for update using Github
2023-11-12 07:52:42 Success.
2023-11-12 07:52:42 Latest version is 1.4.16
2023-11-12 07:52:42 App is up to date.
2023-11-14 17:56:22 Loading main app package /usr/lib/obsidian/obsidian.asar
2023-11-14 17:56:22 Checking for update using Github
2023-11-14 17:56:23 Success.
2023-11-14 17:56:23 Latest version is 1.4.16
2023-11-14 17:56:23 App is up to date.
2023-11-15 13:08:02 Loading main app package /usr/lib/obsidian/obsidian.asar
2023-11-15 13:08:03 Checking for update using Github
2023-11-15 13:08:03 Success.
2023-11-15 13:08:03 Latest version is 1.4.16
2023-11-15 13:08:03 App is up to date.
2023-11-17 12:51:59 Loading main app package /usr/lib/obsidian/obsidian.asar
2023-11-17 12:51:59 Checking for update using Github
2023-11-17 12:51:59 Success.
2023-11-17 12:51:59 Latest version is 1.4.16
2023-11-17 12:51:59 App is up to date.
