2023-11-14 19:09:07.028 [info] Extension host with pid 49195 started
2023-11-14 19:09:07.798 [info] ExtensionService#_doActivateExtension vscode.git-base, startup: true, activationEvent: '*', root cause: vscode.git
2023-11-14 19:09:08.087 [info] ExtensionService#_doActivateExtension vscode.git, startup: true, activationEvent: '*'
2023-11-14 19:09:08.384 [info] ExtensionService#_doActivateExtension vscode.github, startup: true, activationEvent: '*'
2023-11-14 19:09:08.805 [info] Eager extensions activated
2023-11-14 19:09:08.933 [info] ExtensionService#_doActivateExtension vscode.debug-auto-launch, startup: false, activationEvent: 'onStartupFinished'
2023-11-14 19:09:08.951 [info] ExtensionService#_doActivateExtension vscode.merge-conflict, startup: false, activationEvent: 'onStartupFinished'
2023-11-14 19:09:13.228 [info] ExtensionService#_doActivateExtension vscode.emmet, startup: false, activationEvent: 'onLanguage'
2023-11-14 19:10:43.979 [info] ExtensionService#_doActivateExtension BrandonKirbyson.vscode-animations, startup: false, activationEvent: 'onStartupFinished'
2023-11-14 19:10:57.267 [info] Extension host terminating: renderer closed the MessagePort
2023-11-14 19:10:57.277 [info] Extension host with pid 49195 exiting with code 0
2023-11-14 19:11:01.091 [info] Extension host with pid 49496 started
2023-11-14 19:11:01.148 [info] ExtensionService#_doActivateExtension vscode.emmet, startup: false, activationEvent: 'onLanguage'
2023-11-14 19:11:01.328 [info] ExtensionService#_doActivateExtension vscode.git-base, startup: true, activationEvent: '*', root cause: vscode.git
2023-11-14 19:11:01.367 [info] ExtensionService#_doActivateExtension vscode.git, startup: true, activationEvent: '*'
2023-11-14 19:11:01.650 [info] ExtensionService#_doActivateExtension vscode.github, startup: true, activationEvent: '*'
2023-11-14 19:11:01.837 [info] Eager extensions activated
2023-11-14 19:11:01.893 [info] ExtensionService#_doActivateExtension vscode.debug-auto-launch, startup: false, activationEvent: 'onStartupFinished'
2023-11-14 19:11:01.908 [info] ExtensionService#_doActivateExtension vscode.merge-conflict, startup: false, activationEvent: 'onStartupFinished'
2023-11-14 19:11:01.984 [info] ExtensionService#_doActivateExtension BrandonKirbyson.vscode-animations, startup: false, activationEvent: 'onStartupFinished'
2023-11-14 19:11:01.991 [info] ExtensionService#_doActivateExtension drcika.apc-extension, startup: false, activationEvent: 'onStartupFinished'
2023-11-14 19:11:38.754 [info] ExtensionService#_doActivateExtension vscode.json-language-features, startup: false, activationEvent: 'onLanguage:jsonc'
2023-11-14 19:11:38.939 [info] ExtensionService#_doActivateExtension vscode.typescript-language-features, startup: false, activationEvent: 'onLanguage:jsonc'
2023-11-14 19:13:37.681 [info] Extension host terminating: renderer closed the MessagePort
2023-11-14 19:13:37.713 [info] Extension host with pid 49496 exiting with code 0
